<?xml version="1.0" encoding="UTF-8"?>
<!-- Generated by org.testng.reporters.JUnitReportReporter -->
<testsuite hostname="Bhargav" failures="0" tests="3" name="pack1.TC2" time="0.041" errors="0" timestamp="2022-07-30T09:34:07 IST" skipped="0">
  <testcase classname="pack1.TC2" name="m4" time="0.005"/>
  <system-out/>
  <testcase classname="pack1.TC2" name="m5" time="0.007"/>
  <system-out/>
  <testcase classname="pack1.TC2" name="m3" time="0.029"/>
  <system-out/>
</testsuite> <!-- pack1.TC2 -->
