<?xml version="1.0" encoding="UTF-8"?>
<!-- Generated by org.testng.reporters.JUnitReportReporter -->
<testsuite hostname="Bhargav" failures="0" tests="2" name="pack1.TC1" time="0.036" errors="0" timestamp="2022-07-30T09:33:02 IST" skipped="0">
  <testcase classname="pack1.TC1" name="m1" time="0.027"/>
  <system-out/>
  <testcase classname="pack1.TC1" name="m2" time="0.009"/>
  <system-out/>
</testsuite> <!-- pack1.TC1 -->
