<?xml version="1.0" encoding="UTF-8"?>
<!-- Generated by org.testng.reporters.JUnitReportReporter -->
<testsuite hostname="Bhargav" failures="0" tests="2" name="parameterization.Test1" time="0.016" errors="0" timestamp="2022-05-31T11:30:50 IST" skipped="0">
  <testcase classname="parameterization.Test1" name="m1" time="0.014"/>
  <system-out/>
  <testcase classname="parameterization.Test1" name="m2" time="0.002"/>
  <system-out/>
</testsuite> <!-- parameterization.Test1 -->
