<?xml version="1.0" encoding="UTF-8"?>
<!-- Generated by org.testng.reporters.JUnitReportReporter -->
<testsuite hostname="Bhargav" failures="0" tests="5" name="day22.DisablingTestMethods" time="0.022" errors="0" timestamp="2022-05-31T08:49:24 IST" skipped="2">
  <testcase classname="day22.DisablingTestMethods" name="openURL" time="0.017"/>
  <system-out/>
  <testcase classname="day22.DisablingTestMethods" name="login" time="0.003"/>
  <system-out/>
  <testcase classname="day22.DisablingTestMethods" name="logout" time="0.002"/>
  <system-out/>
  <testcase classname="day22.DisablingTestMethods" name="advsearch">
    <skipped/>
  </testcase> <!-- advsearch -->
  <system-out/>
  <testcase classname="day22.DisablingTestMethods" name="search">
    <skipped/>
  </testcase> <!-- search -->
  <system-out/>
</testsuite> <!-- day22.DisablingTestMethods -->
