<?xml version="1.0" encoding="UTF-8"?>
<!-- Generated by org.testng.reporters.JUnitReportReporter -->
<testsuite hostname="Bhargav" failures="0" tests="3" name="Day21.AnnotationsExample1" time="0.051" errors="0" timestamp="2022-07-30T09:38:33 IST" skipped="0">
  <testcase classname="Day21.AnnotationsExample1" name="search" time="0.031"/>
  <system-out/>
  <testcase classname="Day21.AnnotationsExample1" name="advsearch" time="0.011"/>
  <system-out/>
  <testcase classname="Day21.AnnotationsExample1" name="recharge" time="0.009"/>
  <system-out/>
</testsuite> <!-- Day21.AnnotationsExample1 -->
