<?xml version="1.0" encoding="UTF-8"?>
<!-- Generated by org.testng.reporters.JUnitReportReporter -->
<testsuite hostname="Bhargav" failures="0" tests="3" name="Day21.AnnotationsExample2" time="0.016" errors="0" timestamp="2022-05-30T20:51:00 IST" skipped="0">
  <testcase classname="Day21.AnnotationsExample2" name="search" time="0.009"/>
  <system-out/>
  <testcase classname="Day21.AnnotationsExample2" name="advsearch" time="0.003"/>
  <system-out/>
  <testcase classname="Day21.AnnotationsExample2" name="recharge" time="0.004"/>
  <system-out/>
</testsuite> <!-- Day21.AnnotationsExample2 -->
