<?xml version="1.0" encoding="UTF-8"?>
<!-- Generated by org.testng.reporters.JUnitReportReporter -->
<testsuite hostname="Bhargav" failures="0" tests="3" name="Day21.FirstTestCase" time="0.025" errors="0" timestamp="2022-05-30T21:28:24 IST" skipped="0">
  <testcase classname="Day21.FirstTestCase" name="openURL" time="0.017"/>
  <system-out/>
  <testcase classname="Day21.FirstTestCase" name="login" time="0.006"/>
  <system-out/>
  <testcase classname="Day21.FirstTestCase" name="logout" time="0.002"/>
  <system-out/>
</testsuite> <!-- Day21.FirstTestCase -->
